2024-04-11 19:43:19.569  INFO 13868 --- [main] c.example.employee_service.EmployeeApp   : Starting EmployeeApp using Java 11.0.11 on DESKTOP-BL46Q5N with PID 13868 (C:\Users\Viktor\Desktop\work\text_flow_microservices\employee_service\target\classes started by Viktor in C:\Users\Viktor\Desktop\work\text_flow_microservices)
2024-04-11 19:43:19.569  INFO 13868 --- [main] c.example.employee_service.EmployeeApp   : No active profile set, falling back to 1 default profile: "default"
2024-04-11 19:43:20.320  INFO 13868 --- [main] .s.d.r.c.RepositoryConfigurationDelegate : Bootstrapping Spring Data JPA repositories in DEFAULT mode.
2024-04-11 19:43:20.335  INFO 13868 --- [main] .s.d.r.c.RepositoryConfigurationDelegate : Finished Spring Data repository scanning in 8 ms. Found 0 JPA repository interfaces.
2024-04-11 19:43:20.602  INFO 13868 --- [main] o.s.cloud.context.scope.GenericScope     : BeanFactory id=37ac4ff9-aee6-3bc5-99e6-ac4449016d54
2024-04-11 19:43:21.173  INFO 13868 --- [main] o.s.b.w.embedded.tomcat.TomcatWebServer  : Tomcat initialized with port(s): 8081 (http)
2024-04-11 19:43:21.189  INFO 13868 --- [main] o.apache.catalina.core.StandardService   : Starting service [Tomcat]
2024-04-11 19:43:21.189  INFO 13868 --- [main] org.apache.catalina.core.StandardEngine  : Starting Servlet engine: [Apache Tomcat/9.0.63]
2024-04-11 19:43:21.377  INFO 13868 --- [main] o.a.c.c.C.[Tomcat].[localhost].[/]       : Initializing Spring embedded WebApplicationContext
2024-04-11 19:43:21.377  INFO 13868 --- [main] w.s.c.ServletWebServerApplicationContext : Root WebApplicationContext: initialization completed in 1761 ms
2024-04-11 19:43:21.628  INFO 13868 --- [main] com.zaxxer.hikari.HikariDataSource       : HikariPool-1 - Starting...
2024-04-11 19:43:21.879  INFO 13868 --- [main] com.zaxxer.hikari.HikariDataSource       : HikariPool-1 - Start completed.
2024-04-11 19:43:22.145  INFO 13868 --- [main] liquibase.database                       : Set default schema name to public
2024-04-11 19:43:22.270  INFO 13868 --- [main] liquibase.lockservice                    : Successfully acquired change log lock
2024-04-11 19:43:22.819  INFO 13868 --- [main] liquibase.changelog                      : Reading from public.databasechangelog
2024-04-11 19:43:22.897  INFO 13868 --- [main] liquibase.lockservice                    : Successfully released change log lock
2024-04-11 19:43:23.023  INFO 13868 --- [main] o.hibernate.jpa.internal.util.LogHelper  : HHH000204: Processing PersistenceUnitInfo [name: default]
2024-04-11 19:43:23.085  INFO 13868 --- [main] org.hibernate.Version                    : HHH000412: Hibernate ORM core version 5.6.9.Final
2024-04-11 19:43:23.256  INFO 13868 --- [main] o.hibernate.annotations.common.Version   : HCANN000001: Hibernate Commons Annotations {5.1.2.Final}
2024-04-11 19:43:23.382  INFO 13868 --- [main] org.hibernate.dialect.Dialect            : HHH000400: Using dialect: org.hibernate.dialect.PostgreSQLDialect
2024-04-11 19:43:23.554  INFO 13868 --- [main] c.e.b.aspect.BaseAspectLogging           : START of com.example.base_service.utils.IdGenerator.configure(type = org.hibernate.type.StringType@105dc246, params = {identifier_normalizer=org.hibernate.boot.internal.MetadataBuildingContextRootImpl$1@1b556a88, entity_name=com.example.employee_service.entity.Employee, jpa_entity_name=Employee, identity_tables=employee, target_table=employee, hibernate.id.optimizer.pooled.prefer_lo=false, target_column=id, GENERATOR_NAME=IdGenerator}, serviceRegistry = org.hibernate.boot.registry.internal.StandardServiceRegistryImpl@37fca349);
2024-04-11 19:43:23.570  INFO 13868 --- [main] c.e.b.aspect.BaseAspectLogging           : FINISH of com.example.base_service.utils.IdGenerator.configure(type = org.hibernate.type.StringType@105dc246, params = {identifier_normalizer=org.hibernate.boot.internal.MetadataBuildingContextRootImpl$1@1b556a88, entity_name=com.example.employee_service.entity.Employee, jpa_entity_name=Employee, identity_tables=employee, target_table=employee, hibernate.id.optimizer.pooled.prefer_lo=false, target_column=id, GENERATOR_NAME=IdGenerator}, serviceRegistry = org.hibernate.boot.registry.internal.StandardServiceRegistryImpl@37fca349); RETURN RESULT = null
2024-04-11 19:43:23.991  INFO 13868 --- [main] o.h.e.t.j.p.i.JtaPlatformInitiator       : HHH000490: Using JtaPlatform implementation: [org.hibernate.engine.transaction.jta.platform.internal.NoJtaPlatform]
2024-04-11 19:43:23.991  INFO 13868 --- [main] j.LocalContainerEntityManagerFactoryBean : Initialized JPA EntityManagerFactory for persistence unit 'default'
2024-04-11 19:43:24.179  WARN 13868 --- [main] JpaBaseConfiguration$JpaWebConfiguration : spring.jpa.open-in-view is enabled by default. Therefore, database queries may be performed during view rendering. Explicitly configure spring.jpa.open-in-view to disable this warning
2024-04-11 19:43:24.273  INFO 13868 --- [main] o.s.c.openfeign.FeignClientFactoryBean   : For 'subscription' URL not provided. Will try picking an instance via load-balancing.
2024-04-11 19:43:25.446  INFO 13868 --- [main] DiscoveryClientOptionalArgsConfiguration : Eureka HTTP Client uses RestTemplate.
2024-04-11 19:43:26.088  WARN 13868 --- [main] iguration$LoadBalancerCaffeineWarnLogger : Spring Cloud LoadBalancer is currently working with the default cache. While this cache implementation is useful for development and tests, it's recommended to use Caffeine cache in production.You can switch to using Caffeine cache, by adding it and org.springframework.cache.caffeine.CaffeineCacheManager to the classpath.
2024-04-11 19:43:26.150  INFO 13868 --- [main] o.s.c.n.eureka.InstanceInfoFactory       : Setting initial instance status as: STARTING
2024-04-11 19:43:26.197  INFO 13868 --- [main] com.netflix.discovery.DiscoveryClient    : Initializing Eureka in region us-east-1
2024-04-11 19:43:26.197  INFO 13868 --- [main] c.n.d.s.r.aws.ConfigClusterResolver      : Resolving eureka endpoints via configuration
2024-04-11 19:43:26.213  INFO 13868 --- [main] com.netflix.discovery.DiscoveryClient    : Disable delta property : false
2024-04-11 19:43:26.213  INFO 13868 --- [main] com.netflix.discovery.DiscoveryClient    : Single vip registry refresh property : null
2024-04-11 19:43:26.213  INFO 13868 --- [main] com.netflix.discovery.DiscoveryClient    : Force full registry fetch : false
2024-04-11 19:43:26.213  INFO 13868 --- [main] com.netflix.discovery.DiscoveryClient    : Application is null : false
2024-04-11 19:43:26.213  INFO 13868 --- [main] com.netflix.discovery.DiscoveryClient    : Registered Applications size is zero : true
2024-04-11 19:43:26.229  INFO 13868 --- [main] com.netflix.discovery.DiscoveryClient    : Application version is -1: true
2024-04-11 19:43:26.229  INFO 13868 --- [main] com.netflix.discovery.DiscoveryClient    : Getting all instance registry info from the eureka server
2024-04-11 19:43:26.609  INFO 13868 --- [main] com.netflix.discovery.DiscoveryClient    : The response status is 200
2024-04-11 19:43:26.625  INFO 13868 --- [main] com.netflix.discovery.DiscoveryClient    : Starting heartbeat executor: renew interval is: 30
2024-04-11 19:43:26.625  INFO 13868 --- [main] c.n.discovery.InstanceInfoReplicator     : InstanceInfoReplicator onDemand update allowed rate per min is 4
2024-04-11 19:43:26.625  INFO 13868 --- [main] com.netflix.discovery.DiscoveryClient    : Discovery Client initialized at timestamp 1712853806625 with initial instances count: 0
2024-04-11 19:43:26.625  INFO 13868 --- [main] o.s.c.n.e.s.EurekaServiceRegistry        : Registering application EMPLOYEE with eureka with status UP
2024-04-11 19:43:26.625  INFO 13868 --- [main] com.netflix.discovery.DiscoveryClient    : Saw local status change event StatusChangeEvent [timestamp=1712853806625, current=UP, previous=STARTING]
2024-04-11 19:43:26.641  INFO 13868 --- [DiscoveryClient-InstanceInfoReplicator-0] com.netflix.discovery.DiscoveryClient    : DiscoveryClient_EMPLOYEE/host.docker.internal:employee:8081: registering service...
2024-04-11 19:43:26.656  INFO 13868 --- [main] o.s.b.w.embedded.tomcat.TomcatWebServer  : Tomcat started on port(s): 8081 (http) with context path ''
2024-04-11 19:43:26.656  INFO 13868 --- [main] .s.c.n.e.s.EurekaAutoServiceRegistration : Updating port to 8081
2024-04-11 19:43:26.750  INFO 13868 --- [DiscoveryClient-InstanceInfoReplicator-0] com.netflix.discovery.DiscoveryClient    : DiscoveryClient_EMPLOYEE/host.docker.internal:employee:8081 - registration status: 204
2024-04-11 19:43:27.246  INFO 13868 --- [main] c.example.employee_service.EmployeeApp   : Started EmployeeApp in 8.886 seconds (JVM running for 10.292)
2024-04-11 19:43:56.638  INFO 13868 --- [DiscoveryClient-CacheRefreshExecutor-0] com.netflix.discovery.DiscoveryClient    : Disable delta property : false
2024-04-11 19:43:56.638  INFO 13868 --- [DiscoveryClient-CacheRefreshExecutor-0] com.netflix.discovery.DiscoveryClient    : Single vip registry refresh property : null
2024-04-11 19:43:56.638  INFO 13868 --- [DiscoveryClient-CacheRefreshExecutor-0] com.netflix.discovery.DiscoveryClient    : Force full registry fetch : false
2024-04-11 19:43:56.638  INFO 13868 --- [DiscoveryClient-CacheRefreshExecutor-0] com.netflix.discovery.DiscoveryClient    : Application is null : false
2024-04-11 19:43:56.638  INFO 13868 --- [DiscoveryClient-CacheRefreshExecutor-0] com.netflix.discovery.DiscoveryClient    : Registered Applications size is zero : true
2024-04-11 19:43:56.638  INFO 13868 --- [DiscoveryClient-CacheRefreshExecutor-0] com.netflix.discovery.DiscoveryClient    : Application version is -1: false
2024-04-11 19:43:56.638  INFO 13868 --- [DiscoveryClient-CacheRefreshExecutor-0] com.netflix.discovery.DiscoveryClient    : Getting all instance registry info from the eureka server
2024-04-11 19:43:56.654  INFO 13868 --- [DiscoveryClient-CacheRefreshExecutor-0] com.netflix.discovery.DiscoveryClient    : The response status is 200
2024-04-11 19:48:26.231  INFO 13868 --- [AsyncResolver-bootstrap-executor-0] c.n.d.s.r.aws.ConfigClusterResolver      : Resolving eureka endpoints via configuration
2024-04-11 19:49:24.246  INFO 13868 --- [http-nio-8081-exec-1] o.a.c.c.C.[Tomcat].[localhost].[/]       : Initializing Spring DispatcherServlet 'dispatcherServlet'
2024-04-11 19:49:24.246  INFO 13868 --- [http-nio-8081-exec-1] o.s.web.servlet.DispatcherServlet        : Initializing Servlet 'dispatcherServlet'
2024-04-11 19:49:24.248  INFO 13868 --- [http-nio-8081-exec-1] o.s.web.servlet.DispatcherServlet        : Completed initialization in 1 ms
2024-04-11 19:49:24.352  INFO 13868 --- [http-nio-8081-exec-1] c.e.b.aspect.BaseAspectLogging           : START of com.example.base_service.controller.BaseController.getAll();
2024-04-11 19:49:24.368  INFO 13868 --- [http-nio-8081-exec-1] c.e.b.aspect.BaseAspectLogging           : START of com.example.base_service.service.BaseService.getAll();
2024-04-11 19:49:24.372  INFO 13868 --- [http-nio-8081-exec-1] c.e.b.aspect.BaseAspectLogging           : START of com.example.base_service.dao.BaseDao.getAllList();
2024-04-11 19:49:24.542  INFO 13868 --- [http-nio-8081-exec-1] c.e.b.aspect.BaseAspectLogging           : FINISH of com.example.base_service.dao.BaseDao.getAllList(); RETURN RESULT = [Employee{id=emp000000000001, creationDate=2024-04-09 23:17:13.112895, modifyDate=2024-04-09 23:17:13.112895, name='testUser1}, Employee{id=emp000000000002, creationDate=2024-04-09 23:17:13.112895, modifyDate=2024-04-09 23:17:13.112895, name='testUser2}, Employee{id=emp000000000003, creationDate=2024-04-09 23:17:13.112895, modifyDate=2024-04-09 23:17:13.112895, name='testUser3}]
2024-04-11 19:49:24.543  INFO 13868 --- [http-nio-8081-exec-1] c.e.b.aspect.BaseAspectLogging           : FINISH of com.example.base_service.service.BaseService.getAll(); RETURN RESULT = [Employee{id=emp000000000001, creationDate=2024-04-09 23:17:13.112895, modifyDate=2024-04-09 23:17:13.112895, name='testUser1}, Employee{id=emp000000000002, creationDate=2024-04-09 23:17:13.112895, modifyDate=2024-04-09 23:17:13.112895, name='testUser2}, Employee{id=emp000000000003, creationDate=2024-04-09 23:17:13.112895, modifyDate=2024-04-09 23:17:13.112895, name='testUser3}]
2024-04-11 19:49:24.555  INFO 13868 --- [http-nio-8081-exec-1] c.e.b.aspect.BaseAspectLogging           : FINISH of com.example.base_service.controller.BaseController.getAll(); RETURN RESULT = [Employee{id=emp000000000001, creationDate=2024-04-09 23:17:13.112895, modifyDate=2024-04-09 23:17:13.112895, name='testUser1}, Employee{id=emp000000000002, creationDate=2024-04-09 23:17:13.112895, modifyDate=2024-04-09 23:17:13.112895, name='testUser2}, Employee{id=emp000000000003, creationDate=2024-04-09 23:17:13.112895, modifyDate=2024-04-09 23:17:13.112895, name='testUser3}]
2024-04-11 19:49:30.211  INFO 13868 --- [http-nio-8081-exec-2] c.e.b.aspect.BaseAspectLogging           : START of com.example.base_service.controller.BaseController.getById(id = emp000000000001);
2024-04-11 19:49:30.213  INFO 13868 --- [http-nio-8081-exec-2] c.e.b.aspect.BaseAspectLogging           : START of com.example.base_service.service.BaseService.getById(id = emp000000000001);
2024-04-11 19:49:30.214  INFO 13868 --- [http-nio-8081-exec-2] c.e.b.aspect.BaseAspectLogging           : START of com.example.base_service.dao.BaseDao.getById(id = emp000000000001);
2024-04-11 19:49:30.230  INFO 13868 --- [http-nio-8081-exec-2] c.e.b.aspect.BaseAspectLogging           : FINISH of com.example.base_service.dao.BaseDao.getById(id = emp000000000001); RETURN RESULT = Employee{id=emp000000000001, creationDate=2024-04-09 23:17:13.112895, modifyDate=2024-04-09 23:17:13.112895, name='testUser1}
2024-04-11 19:49:30.230  INFO 13868 --- [http-nio-8081-exec-2] c.e.b.aspect.BaseAspectLogging           : FINISH of com.example.base_service.service.BaseService.getById(id = emp000000000001); RETURN RESULT = Employee{id=emp000000000001, creationDate=2024-04-09 23:17:13.112895, modifyDate=2024-04-09 23:17:13.112895, name='testUser1}
2024-04-11 19:49:30.231  INFO 13868 --- [http-nio-8081-exec-2] c.e.b.aspect.BaseAspectLogging           : FINISH of com.example.base_service.controller.BaseController.getById(id = emp000000000001); RETURN RESULT = Employee{id=emp000000000001, creationDate=2024-04-09 23:17:13.112895, modifyDate=2024-04-09 23:17:13.112895, name='testUser1}
